<?xml version="1.0" encoding="UTF-8"?>
<testng-results skipped="0" failed="0" ignored="0" total="1" passed="1">
  <reporter-output>
  </reporter-output>
  <suite name="Default suite" duration-ms="68525" started-at="2018-12-30T13:31:34Z" finished-at="2018-12-30T13:32:42Z">
    <groups>
    </groups>
    <test name="Default test" duration-ms="68525" started-at="2018-12-30T13:31:34Z" finished-at="2018-12-30T13:32:42Z">
      <class name="Switch_frames.IFrameSwitching">
        <test-method status="PASS" signature="iframes()[pri:0, instance:Switch_frames.IFrameSwitching@4501b7af]" name="iframes" duration-ms="68463" started-at="2018-12-30T13:31:34Z" finished-at="2018-12-30T13:32:42Z">
          <reporter-output>
          </reporter-output>
        </test-method> <!-- iframes -->
      </class> <!-- Switch_frames.IFrameSwitching -->
    </test> <!-- Default test -->
  </suite> <!-- Default suite -->
</testng-results>
